video_trimmer_library/build/intermediates/manifest_merge_blame_file/debug/manifest-merger-blame-debug-report.txt
1<?xml version="1.0" encoding="utf-8"?>
2<manifest xmlns:android="http://schemas.android.com/apk/res/android"
3    package="com.lb.video_trimmer_library"
4    android:versionCode="1"
5    android:versionName="1.0" >
6
7    <uses-sdk
8        android:minSdkVersion="18"
8-->src/main/AndroidManifest.xml
9        android:targetSdkVersion="28" />
9-->src/main/AndroidManifest.xml
10    <!-- <uses-permission android:name="android.permission.WRITE_EXTERNAL_STORAGE"/> -->
11    <application android:allowBackup="true" />
11-->src/main/AndroidManifest.xml:3:5-46
11-->src/main/AndroidManifest.xml:3:18-44
12
13</manifest>